<?xml version="1.0" encoding="UTF-8"?>
<testng-results ignored="0" total="1" passed="1" failed="0" skipped="0">
  <reporter-output>
  </reporter-output>
  <suite started-at="2024-11-11T15:50:24 IST" name="Default suite" finished-at="2024-11-11T15:50:31 IST" duration-ms="6701">
    <groups>
    </groups>
    <test started-at="2024-11-11T15:50:24 IST" name="Default test" finished-at="2024-11-11T15:50:31 IST" duration-ms="6701">
      <class name="extentreports.ToAttachScreenshot">
        <test-method signature="addScreenshot()[pri:0, instance:extentreports.ToAttachScreenshot@7b98f307]" started-at="2024-11-11T15:50:24 IST" name="addScreenshot" finished-at="2024-11-11T15:50:31 IST" duration-ms="6663" status="PASS">
          <reporter-output>
          </reporter-output>
        </test-method> <!-- addScreenshot -->
      </class> <!-- extentreports.ToAttachScreenshot -->
    </test> <!-- Default test -->
  </suite> <!-- Default suite -->
</testng-results>
